library/build/intermediates/manifest_merge_blame_file/release/processReleaseManifest/manifest-merger-blame-release-report.txt
1<?xml version="1.0" encoding="utf-8"?>
2<manifest xmlns:android="http://schemas.android.com/apk/res/android"
3    package="com.caldroid"
4    android:versionCode="1"
5    android:versionName="1.0" >
6
7    <uses-sdk android:minSdkVersion="21" />
8
9    <application
9-->src/main/AndroidManifest.xml:5:5-10:19
10        android:allowBackup="true"
10-->src/main/AndroidManifest.xml:6:9-35
11        android:icon="@drawable/ic_launcher"
11-->src/main/AndroidManifest.xml:7:9-45
12        android:label="@string/app_name"
12-->src/main/AndroidManifest.xml:8:9-41
13        android:theme="@style/AppTheme" >
13-->src/main/AndroidManifest.xml:9:9-40
14    </application>
15
16</manifest>